<?xml version="1.0" encoding="UTF-8"?>
<testng-results ignored="0" total="1" passed="1" failed="0" skipped="0">
  <reporter-output>
  </reporter-output>
  <suite started-at="2021-06-08T09:16:30 CEST" name="Default suite" finished-at="2021-06-08T09:16:35 CEST" duration-ms="5239">
    <groups>
    </groups>
    <test started-at="2021-06-08T09:16:30 CEST" name="Default test" finished-at="2021-06-08T09:16:35 CEST" duration-ms="5239">
      <class name="tests.probaTest">
        <test-method signature="test()[pri:0, instance:tests.probaTest@5ab9e72c]" started-at="2021-06-08T09:16:30 CEST" name="test" finished-at="2021-06-08T09:16:35 CEST" duration-ms="5207" status="PASS">
          <reporter-output>
          </reporter-output>
        </test-method> <!-- test -->
      </class> <!-- tests.probaTest -->
    </test> <!-- Default test -->
  </suite> <!-- Default suite -->
</testng-results>
